<?xml version='1.0' encoding='UTF-8'?>
<testsuite hostname="coach-RTX" name="ch.coachdave.tchutchu.game.StationTest" tests="2" errors="0" failures="0" skipped="0" time="0.009" timestamp="2022-11-14T19:32:44">
          <properties>
[...]
</properties>
          <testcase classname="ch.coachdave.tchutchu.game.StationTest" name="Station should not be instantiated with negative ID" time="0.005">
                      
                    </testcase><testcase classname="ch.coachdave.tchutchu.game.StationTest" name="Station should have ID correctly retrieved" time="0.004">
                      
                    </testcase>
          <system-out><![CDATA[]]></system-out>
          <system-err><![CDATA[]]></system-err>
        </testsuite>