<?xml version='1.0' encoding='UTF-8'?>
<testsuite hostname="coach-RTX" name="ch.coachdave.tchutchu.game.RouteTest" tests="11" errors="0" failures="0" skipped="0" time="0.125" timestamp="2022-11-14T18:09:53">
          <properties>
[...]
</properties>
          <testcase classname="ch.coachdave.tchutchu.game.RouteTest" name="Route should not be instantiated with two identical stations" time="0.008">
                      
                    </testcase><testcase classname="ch.coachdave.tchutchu.game.RouteTest" name="Route should not be instantiated with invalid length" time="0.001">
                      
                    </testcase><testcase classname="ch.coachdave.tchutchu.game.RouteTest" name="Route should return opposite station" time="0.0">
                      
                    </testcase><testcase classname="ch.coachdave.tchutchu.game.RouteTest" name="Route should return None with invalid route" time="0.0">
                      
                    </testcase><testcase classname="ch.coachdave.tchutchu.game.RouteTest" name="Route should return correct number of possible claimed cards with overground colored route" time="0.004">
                      
                    </testcase><testcase classname="ch.coachdave.tchutchu.game.RouteTest" name="Route should return correct number of possible claimed cards with overground neutral route" time="0.004">
                      
                    </testcase><testcase classname="ch.coachdave.tchutchu.game.RouteTest" name="Route should return correct number of possible claimed cards with underground colored route" time="0.007">
                      
                    </testcase><testcase classname="ch.coachdave.tchutchu.game.RouteTest" name="Route should return correct number of possible claimed cards with underground neutral route" time="0.002">
                      
                    </testcase><testcase classname="ch.coachdave.tchutchu.game.RouteTest" name="Route should count correctly additional claim cards with colored cards only" time="0.035">
                      
                    </testcase><testcase classname="ch.coachdave.tchutchu.game.RouteTest" name="Route should count correctly additional claim cards with locomotives only" time="0.03">
                      
                    </testcase><testcase classname="ch.coachdave.tchutchu.game.RouteTest" name="Route should count correctly additional claim cards with mixed cards" time="0.034">
                      
                    </testcase>
          <system-out><![CDATA[]]></system-out>
          <system-err><![CDATA[]]></system-err>
        </testsuite>