<?xml version="1.0" encoding="UTF-8"?>
<testsuite xmlns:xsi="http://www.w3.org/2001/XMLSchema-instance" xsi:noNamespaceSchemaLocation="https://maven.apache.org/surefire/maven-surefire-plugin/xsd/surefire-test-report.xsd" name="ch.coachdave.tchutchu.controller.ProbeControllerTest" time="0.013" tests="2" errors="0" skipped="0" failures="0">
  <properties>
[...]
</properties>
  <testcase name="testReadinessProbe" classname="ch.coachdave.tchutchu.controller.ProbeControllerTest" time="0"/>
  <testcase name="testLivenessProbe" classname="ch.coachdave.tchutchu.controller.ProbeControllerTest" time="0.006"/>
</testsuite>